\BOOKMARK [1][-]{section.1}{MOTIVATION}{}% 1
\BOOKMARK [1][-]{section.2}{RELATED WORK}{}% 2
\BOOKMARK [1][-]{section.3}{FORMALIZATION OF THE PROBLEM STATEMENT}{}% 3
\BOOKMARK [2][-]{subsection.3.1}{The Road Network Graph}{section.3}% 4
\BOOKMARK [2][-]{subsection.3.2}{Partitioning a graph}{section.3}% 5
\BOOKMARK [2][-]{subsection.3.3}{Formalizing the objective function}{section.3}% 6
\BOOKMARK [3][-]{subsubsection.3.3.1}{ \040Metric 1 : Evenness}{subsection.3.3}% 7
\BOOKMARK [3][-]{subsubsection.3.3.2}{ \040Metric 2 : Inter-Partition Communication}{subsection.3.3}% 8
\BOOKMARK [3][-]{subsubsection.3.3.3}{ \040Metric 3 : Heaviest Partition}{subsection.3.3}% 9
\BOOKMARK [1][-]{section.4}{META HEURISTICS BASED GRAPH PARTITIONING ALGORITHMS}{}% 10
\BOOKMARK [2][-]{subsection.4.1}{Simulated Annealing}{section.4}% 11
\BOOKMARK [3][-]{subsubsection.4.1.1}{ \040Standard Move}{subsection.4.1}% 12
\BOOKMARK [3][-]{subsubsection.4.1.2}{ \040Global Edge Marking}{subsection.4.1}% 13
\BOOKMARK [3][-]{subsubsection.4.1.3}{ \040Local Edge Marking}{subsection.4.1}% 14
\BOOKMARK [2][-]{subsection.4.2}{Genetic Algorithm}{section.4}% 15
\BOOKMARK [3][-]{subsubsection.4.2.1}{ \040Genetic Operators}{subsection.4.2}% 16
\BOOKMARK [1][-]{section.5}{EXPERIMENTS AND RESULTS}{}% 17
\BOOKMARK [1][-]{section.6}{FUTURE WORK}{}% 18
\BOOKMARK [1][-]{section.7}{CONCLUSION}{}% 19
\BOOKMARK [1][-]{appendix.A}{APPENDICES}{}% 20
